0 info it worked if it ends with ok
1 verbose cli [ '/usr/bin/node', '/usr/bin/npm', 'install', 'pigpio', '--save' ]
2 info using npm@3.10.10
3 info using node@v6.10.1
4 silly loadCurrentTree Starting
5 silly install loadCurrentTree
6 silly install readLocalPackageData
7 silly fetchPackageMetaData pigpio
8 silly fetchNamedPackageData pigpio
9 silly mapToRegistry name pigpio
10 silly mapToRegistry using default registry
11 silly mapToRegistry registry https://registry.npmjs.org/
12 silly mapToRegistry data Result {
12 silly mapToRegistry   raw: 'pigpio',
12 silly mapToRegistry   scope: null,
12 silly mapToRegistry   escapedName: 'pigpio',
12 silly mapToRegistry   name: 'pigpio',
12 silly mapToRegistry   rawSpec: '',
12 silly mapToRegistry   spec: 'latest',
12 silly mapToRegistry   type: 'tag' }
13 silly mapToRegistry uri https://registry.npmjs.org/pigpio
14 verbose request uri https://registry.npmjs.org/pigpio
15 verbose request no auth needed
16 info attempt registry request try #1 at 4:54:00 PM
17 verbose request id 0e5e40c87bf14490
18 http request GET https://registry.npmjs.org/pigpio
19 http 200 https://registry.npmjs.org/pigpio
20 verbose headers { server: 'nginx/1.10.3',
20 verbose headers   'content-type': 'application/json',
20 verbose headers   'last-modified': 'Thu, 13 Apr 2017 20:14:09 GMT',
20 verbose headers   etag: 'W/"58efdc11-8591"',
20 verbose headers   'content-encoding': 'gzip',
20 verbose headers   'cache-control': 'max-age=300',
20 verbose headers   'content-length': '6174',
20 verbose headers   'accept-ranges': 'bytes',
20 verbose headers   date: 'Fri, 09 Jun 2017 08:54:04 GMT',
20 verbose headers   via: '1.1 varnish',
20 verbose headers   age: '0',
20 verbose headers   connection: 'keep-alive',
20 verbose headers   'x-served-by': 'cache-itm7426-ITM',
20 verbose headers   'x-cache': 'MISS',
20 verbose headers   'x-cache-hits': '0',
20 verbose headers   'x-timer': 'S1496998444.001673,VS0,VE132',
20 verbose headers   vary: 'Accept-Encoding' }
21 silly get cb [ 200,
21 silly get   { server: 'nginx/1.10.3',
21 silly get     'content-type': 'application/json',
21 silly get     'last-modified': 'Thu, 13 Apr 2017 20:14:09 GMT',
21 silly get     etag: 'W/"58efdc11-8591"',
21 silly get     'content-encoding': 'gzip',
21 silly get     'cache-control': 'max-age=300',
21 silly get     'content-length': '6174',
21 silly get     'accept-ranges': 'bytes',
21 silly get     date: 'Fri, 09 Jun 2017 08:54:04 GMT',
21 silly get     via: '1.1 varnish',
21 silly get     age: '0',
21 silly get     connection: 'keep-alive',
21 silly get     'x-served-by': 'cache-itm7426-ITM',
21 silly get     'x-cache': 'MISS',
21 silly get     'x-cache-hits': '0',
21 silly get     'x-timer': 'S1496998444.001673,VS0,VE132',
21 silly get     vary: 'Accept-Encoding' } ]
22 verbose get saving pigpio to /home/warits/.npm/registry.npmjs.org/pigpio/.cache.json
23 verbose correctMkdir /home/warits/.npm correctMkdir not in flight; initializing
24 silly install normalizeTree
25 silly loadCurrentTree Finishing
26 silly loadIdealTree Starting
27 silly install loadIdealTree
28 silly cloneCurrentTree Starting
29 silly install cloneCurrentTreeToIdealTree
30 silly cloneCurrentTree Finishing
31 silly loadShrinkwrap Starting
32 silly install loadShrinkwrap
33 silly loadShrinkwrap Finishing
34 silly loadAllDepsIntoIdealTree Starting
35 silly install loadAllDepsIntoIdealTree
36 silly resolveWithNewModule pigpio@0.5.1 checking installable status
37 silly cache add args [ 'pigpio', null ]
38 verbose cache add spec pigpio
39 silly cache add parsed spec Result {
39 silly cache add   raw: 'pigpio',
39 silly cache add   scope: null,
39 silly cache add   escapedName: 'pigpio',
39 silly cache add   name: 'pigpio',
39 silly cache add   rawSpec: '',
39 silly cache add   spec: 'latest',
39 silly cache add   type: 'tag' }
40 silly addNamed pigpio@latest
41 verbose addNamed "latest" is being treated as a dist-tag for pigpio
42 info addNameTag [ 'pigpio', 'latest' ]
43 silly mapToRegistry name pigpio
44 silly mapToRegistry using default registry
45 silly mapToRegistry registry https://registry.npmjs.org/
46 silly mapToRegistry data Result {
46 silly mapToRegistry   raw: 'pigpio',
46 silly mapToRegistry   scope: null,
46 silly mapToRegistry   escapedName: 'pigpio',
46 silly mapToRegistry   name: 'pigpio',
46 silly mapToRegistry   rawSpec: '',
46 silly mapToRegistry   spec: 'latest',
46 silly mapToRegistry   type: 'tag' }
47 silly mapToRegistry uri https://registry.npmjs.org/pigpio
48 verbose addNameTag registry:https://registry.npmjs.org/pigpio not in flight; fetching
49 verbose get https://registry.npmjs.org/pigpio not expired, no request
50 silly addNameTag next cb for pigpio with tag latest
51 silly addNamed pigpio@0.5.1
52 verbose addNamed "0.5.1" is a plain semver version for pigpio
53 silly mapToRegistry name pigpio
54 silly mapToRegistry using default registry
55 silly mapToRegistry registry https://registry.npmjs.org/
56 silly mapToRegistry data Result {
56 silly mapToRegistry   raw: 'pigpio',
56 silly mapToRegistry   scope: null,
56 silly mapToRegistry   escapedName: 'pigpio',
56 silly mapToRegistry   name: 'pigpio',
56 silly mapToRegistry   rawSpec: '',
56 silly mapToRegistry   spec: 'latest',
56 silly mapToRegistry   type: 'tag' }
57 silly mapToRegistry uri https://registry.npmjs.org/pigpio
58 verbose addRemoteTarball https://registry.npmjs.org/pigpio/-/pigpio-0.5.1.tgz not in flight; adding
59 verbose addRemoteTarball [ 'https://registry.npmjs.org/pigpio/-/pigpio-0.5.1.tgz',
59 verbose addRemoteTarball   'd14eaaaa11e3135703d32afbcf9b5cdf804b56b4' ]
60 info retry fetch attempt 1 at 4:54:04 PM
61 info attempt registry request try #1 at 4:54:04 PM
62 http fetch GET https://registry.npmjs.org/pigpio/-/pigpio-0.5.1.tgz
63 http fetch 200 https://registry.npmjs.org/pigpio/-/pigpio-0.5.1.tgz
64 silly fetchAndShaCheck shasum d14eaaaa11e3135703d32afbcf9b5cdf804b56b4
65 verbose addTmpTarball /tmp/npm-2213-ca463aae/registry.npmjs.org/pigpio/-/pigpio-0.5.1.tgz not in flight; adding
66 verbose addTmpTarball already have metadata; skipping unpack for pigpio@0.5.1
67 verbose correctMkdir /home/warits/.npm correctMkdir not in flight; initializing
68 silly cache afterAdd pigpio@0.5.1
69 verbose afterAdd /home/warits/.npm/pigpio/0.5.1/package/package.json not in flight; writing
70 verbose correctMkdir /home/warits/.npm correctMkdir not in flight; initializing
71 verbose afterAdd /home/warits/.npm/pigpio/0.5.1/package/package.json written
72 silly loadAllDepsIntoIdealTree Finishing
73 silly loadIdealTree Finishing
74 silly currentTree homehub-nodejs@0.0.1
74 silly currentTree ├── async@1.5.2
74 silly currentTree ├── base64-js@0.0.6
74 silly currentTree ├── bindings@1.2.1
74 silly currentTree ├── bplist-creator@0.0.4
74 silly currentTree ├── bplist-parser@0.0.6
74 silly currentTree ├── buffer-shims@1.0.0
74 silly currentTree ├── commander@2.9.0
74 silly currentTree ├── curve25519-n2@1.1.3
74 silly currentTree ├── debug@2.6.8
74 silly currentTree ├── define-properties@1.1.2
74 silly currentTree ├── ed25519@0.0.4
74 silly currentTree ├─┬ epoll@0.1.21
74 silly currentTree │ └── nan@2.5.1
74 silly currentTree ├── fast-srp-hap@1.0.1
74 silly currentTree ├── foreach@2.0.5
74 silly currentTree ├── function-bind@1.1.0
74 silly currentTree ├── graceful-readlink@1.0.1
74 silly currentTree ├── immediate@3.0.6
74 silly currentTree ├── ip@1.1.5
74 silly currentTree ├── lie@3.1.1
74 silly currentTree ├── lodash-node@2.4.1
74 silly currentTree ├─┬ mdns@2.3.3
74 silly currentTree │ └── nan@2.3.5
74 silly currentTree ├── minimist@0.0.8
74 silly currentTree ├── mkdirp@0.5.1
74 silly currentTree ├── ms@2.0.0
74 silly currentTree ├── nan@2.6.2
74 silly currentTree ├── node-persist@0.0.11
74 silly currentTree ├── object-keys@1.0.11
74 silly currentTree ├── object.assign@4.0.4
74 silly currentTree ├── plist@1.1.0
74 silly currentTree ├── q@1.1.2
74 silly currentTree ├── rpi-gpio@0.8.1
74 silly currentTree ├─┬ serialport@4.0.7
74 silly currentTree │ └─┬ node-pre-gyp@0.6.32
74 silly currentTree │   ├─┬ mkdirp@0.5.1
74 silly currentTree │   │ └── minimist@0.0.8
74 silly currentTree │   ├─┬ nopt@3.0.6
74 silly currentTree │   │ └── abbrev@1.0.9
74 silly currentTree │   ├─┬ npmlog@4.0.1
74 silly currentTree │   │ ├─┬ are-we-there-yet@1.1.2
74 silly currentTree │   │ │ ├── delegates@1.0.0
74 silly currentTree │   │ │ └─┬ readable-stream@2.2.2
74 silly currentTree │   │ │   ├── buffer-shims@1.0.0
74 silly currentTree │   │ │   ├── core-util-is@1.0.2
74 silly currentTree │   │ │   ├── inherits@2.0.3
74 silly currentTree │   │ │   ├── isarray@1.0.0
74 silly currentTree │   │ │   ├── process-nextick-args@1.0.7
74 silly currentTree │   │ │   ├── string_decoder@0.10.31
74 silly currentTree │   │ │   └── util-deprecate@1.0.2
74 silly currentTree │   │ ├── console-control-strings@1.1.0
74 silly currentTree │   │ ├─┬ gauge@2.7.2
74 silly currentTree │   │ │ ├── aproba@1.0.4
74 silly currentTree │   │ │ ├── has-unicode@2.0.1
74 silly currentTree │   │ │ ├── object-assign@4.1.0
74 silly currentTree │   │ │ ├── signal-exit@3.0.2
74 silly currentTree │   │ │ ├─┬ string-width@1.0.2
74 silly currentTree │   │ │ │ ├── code-point-at@1.1.0
74 silly currentTree │   │ │ │ └─┬ is-fullwidth-code-point@1.0.0
74 silly currentTree │   │ │ │   └── number-is-nan@1.0.1
74 silly currentTree │   │ │ ├─┬ strip-ansi@3.0.1
74 silly currentTree │   │ │ │ └── ansi-regex@2.0.0
74 silly currentTree │   │ │ ├── supports-color@0.2.0
74 silly currentTree │   │ │ └── wide-align@1.1.0
74 silly currentTree │   │ └── set-blocking@2.0.0
74 silly currentTree │   ├─┬ rc@1.1.6
74 silly currentTree │   │ ├── deep-extend@0.4.1
74 silly currentTree │   │ ├── ini@1.3.4
74 silly currentTree │   │ ├── minimist@1.2.0
74 silly currentTree │   │ └── strip-json-comments@1.0.4
74 silly currentTree │   ├─┬ request@2.79.0
74 silly currentTree │   │ ├── aws-sign2@0.6.0
74 silly currentTree │   │ ├── aws4@1.5.0
74 silly currentTree │   │ ├── caseless@0.11.0
74 silly currentTree │   │ ├─┬ combined-stream@1.0.5
74 silly currentTree │   │ │ └── delayed-stream@1.0.0
74 silly currentTree │   │ ├── extend@3.0.0
74 silly currentTree │   │ ├── forever-agent@0.6.1
74 silly currentTree │   │ ├─┬ form-data@2.1.2
74 silly currentTree │   │ │ └── asynckit@0.4.0
74 silly currentTree │   │ ├─┬ har-validator@2.0.6
74 silly currentTree │   │ │ ├─┬ chalk@1.1.3
74 silly currentTree │   │ │ │ ├── ansi-styles@2.2.1
74 silly currentTree │   │ │ │ ├── escape-string-regexp@1.0.5
74 silly currentTree │   │ │ │ ├─┬ has-ansi@2.0.0
74 silly currentTree │   │ │ │ │ └── ansi-regex@2.0.0
74 silly currentTree │   │ │ │ ├─┬ strip-ansi@3.0.1
74 silly currentTree │   │ │ │ │ └── ansi-regex@2.0.0
74 silly currentTree │   │ │ │ └── supports-color@2.0.0
74 silly currentTree │   │ │ ├─┬ is-my-json-valid@2.15.0
74 silly currentTree │   │ │ │ ├── generate-function@2.0.0
74 silly currentTree │   │ │ │ ├─┬ generate-object-property@1.2.0
74 silly currentTree │   │ │ │ │ └── is-property@1.0.2
74 silly currentTree │   │ │ │ ├── jsonpointer@4.0.0
74 silly currentTree │   │ │ │ └── xtend@4.0.1
74 silly currentTree │   │ │ └─┬ pinkie-promise@2.0.1
74 silly currentTree │   │ │   └── pinkie@2.0.4
74 silly currentTree │   │ ├─┬ hawk@3.1.3
74 silly currentTree │   │ │ ├── boom@2.10.1
74 silly currentTree │   │ │ ├── cryptiles@2.0.5
74 silly currentTree │   │ │ ├── hoek@2.16.3
74 silly currentTree │   │ │ └── sntp@1.0.9
74 silly currentTree │   │ ├─┬ http-signature@1.1.1
74 silly currentTree │   │ │ ├── assert-plus@0.2.0
74 silly currentTree │   │ │ ├─┬ jsprim@1.3.1
74 silly currentTree │   │ │ │ ├── extsprintf@1.0.2
74 silly currentTree │   │ │ │ ├── json-schema@0.2.3
74 silly currentTree │   │ │ │ └── verror@1.3.6
74 silly currentTree │   │ │ └─┬ sshpk@1.10.1
74 silly currentTree │   │ │   ├── asn1@0.2.3
74 silly currentTree │   │ │   ├── assert-plus@1.0.0
74 silly currentTree │   │ │   ├── bcrypt-pbkdf@1.0.0
74 silly currentTree │   │ │   ├── dashdash@1.14.1
74 silly currentTree │   │ │   ├── ecc-jsbn@0.1.1
74 silly currentTree │   │ │   ├── getpass@0.1.6
74 silly currentTree │   │ │   ├── jodid25519@1.0.2
74 silly currentTree │   │ │   ├── jsbn@0.1.0
74 silly currentTree │   │ │   └── tweetnacl@0.14.4
74 silly currentTree │   │ ├── is-typedarray@1.0.0
74 silly currentTree │   │ ├── isstream@0.1.2
74 silly currentTree │   │ ├── json-stringify-safe@5.0.1
74 silly currentTree │   │ ├─┬ mime-types@2.1.13
74 silly currentTree │   │ │ └── mime-db@1.25.0
74 silly currentTree │   │ ├── oauth-sign@0.8.2
74 silly currentTree │   │ ├── qs@6.3.0
74 silly currentTree │   │ ├── stringstream@0.0.5
74 silly currentTree │   │ ├─┬ tough-cookie@2.3.2
74 silly currentTree │   │ │ └── punycode@1.4.1
74 silly currentTree │   │ ├── tunnel-agent@0.4.3
74 silly currentTree │   │ └── uuid@3.0.1
74 silly currentTree │   ├─┬ rimraf@2.5.4
74 silly currentTree │   │ └─┬ glob@7.1.1
74 silly currentTree │   │   ├── fs.realpath@1.0.0
74 silly currentTree │   │   ├─┬ inflight@1.0.6
74 silly currentTree │   │   │ └── wrappy@1.0.2
74 silly currentTree │   │   ├── inherits@2.0.3
74 silly currentTree │   │   ├─┬ minimatch@3.0.3
74 silly currentTree │   │   │ └─┬ brace-expansion@1.1.6
74 silly currentTree │   │   │   ├── balanced-match@0.4.2
74 silly currentTree │   │   │   └── concat-map@0.0.1
74 silly currentTree │   │   ├─┬ once@1.4.0
74 silly currentTree │   │   │ └── wrappy@1.0.2
74 silly currentTree │   │   └── path-is-absolute@1.0.1
74 silly currentTree │   ├── semver@5.3.0
74 silly currentTree │   ├─┬ tar-pack@3.3.0
74 silly currentTree │   │ ├─┬ debug@2.2.0
74 silly currentTree │   │ │ └── ms@0.7.1
74 silly currentTree │   │ ├─┬ fstream-ignore@1.0.5
74 silly currentTree │   │ │ ├── inherits@2.0.3
74 silly currentTree │   │ │ └─┬ minimatch@3.0.3
74 silly currentTree │   │ │   └─┬ brace-expansion@1.1.6
74 silly currentTree │   │ │     ├── balanced-match@0.4.2
74 silly currentTree │   │ │     └── concat-map@0.0.1
74 silly currentTree │   │ ├─┬ fstream@1.0.10
74 silly currentTree │   │ │ ├── graceful-fs@4.1.11
74 silly currentTree │   │ │ └── inherits@2.0.3
74 silly currentTree │   │ ├─┬ once@1.3.3
74 silly currentTree │   │ │ └── wrappy@1.0.2
74 silly currentTree │   │ ├─┬ readable-stream@2.1.5
74 silly currentTree │   │ │ ├── buffer-shims@1.0.0
74 silly currentTree │   │ │ ├── core-util-is@1.0.2
74 silly currentTree │   │ │ ├── inherits@2.0.3
74 silly currentTree │   │ │ ├── isarray@1.0.0
74 silly currentTree │   │ │ ├── process-nextick-args@1.0.7
74 silly currentTree │   │ │ ├── string_decoder@0.10.31
74 silly currentTree │   │ │ └── util-deprecate@1.0.2
74 silly currentTree │   │ └── uid-number@0.0.6
74 silly currentTree │   └─┬ tar@2.2.1
74 silly currentTree │     ├── block-stream@0.0.9
74 silly currentTree │     ├─┬ fstream@1.0.10
74 silly currentTree │     │ └── graceful-fs@4.1.11
74 silly currentTree │     └── inherits@2.0.3
74 silly currentTree ├── simple-plist@0.0.4
74 silly currentTree ├── stream-buffers@0.2.6
74 silly currentTree ├── util-deprecate@1.0.0
74 silly currentTree ├── xmlbuilder@2.2.1
74 silly currentTree └── xmldom@0.1.27
75 silly idealTree homehub-nodejs@0.0.1
75 silly idealTree ├── async@1.5.2
75 silly idealTree ├── base64-js@0.0.6
75 silly idealTree ├── bindings@1.2.1
75 silly idealTree ├── bplist-creator@0.0.4
75 silly idealTree ├── bplist-parser@0.0.6
75 silly idealTree ├── buffer-shims@1.0.0
75 silly idealTree ├── commander@2.9.0
75 silly idealTree ├── curve25519-n2@1.1.3
75 silly idealTree ├── debug@2.6.8
75 silly idealTree ├── define-properties@1.1.2
75 silly idealTree ├── ed25519@0.0.4
75 silly idealTree ├─┬ epoll@0.1.21
75 silly idealTree │ └── nan@2.5.1
75 silly idealTree ├── fast-srp-hap@1.0.1
75 silly idealTree ├── foreach@2.0.5
75 silly idealTree ├── function-bind@1.1.0
75 silly idealTree ├── graceful-readlink@1.0.1
75 silly idealTree ├── immediate@3.0.6
75 silly idealTree ├── ip@1.1.5
75 silly idealTree ├── lie@3.1.1
75 silly idealTree ├── lodash-node@2.4.1
75 silly idealTree ├─┬ mdns@2.3.3
75 silly idealTree │ └── nan@2.3.5
75 silly idealTree ├── minimist@0.0.8
75 silly idealTree ├── mkdirp@0.5.1
75 silly idealTree ├── ms@2.0.0
75 silly idealTree ├── nan@2.6.2
75 silly idealTree ├── node-persist@0.0.11
75 silly idealTree ├── object-keys@1.0.11
75 silly idealTree ├── object.assign@4.0.4
75 silly idealTree ├── pigpio@0.5.1
75 silly idealTree ├── plist@1.1.0
75 silly idealTree ├── q@1.1.2
75 silly idealTree ├── rpi-gpio@0.8.1
75 silly idealTree ├─┬ serialport@4.0.7
75 silly idealTree │ └─┬ node-pre-gyp@0.6.32
75 silly idealTree │   ├─┬ mkdirp@0.5.1
75 silly idealTree │   │ └── minimist@0.0.8
75 silly idealTree │   ├─┬ nopt@3.0.6
75 silly idealTree │   │ └── abbrev@1.0.9
75 silly idealTree │   ├─┬ npmlog@4.0.1
75 silly idealTree │   │ ├─┬ are-we-there-yet@1.1.2
75 silly idealTree │   │ │ ├── delegates@1.0.0
75 silly idealTree │   │ │ └─┬ readable-stream@2.2.2
75 silly idealTree │   │ │   ├── buffer-shims@1.0.0
75 silly idealTree │   │ │   ├── core-util-is@1.0.2
75 silly idealTree │   │ │   ├── inherits@2.0.3
75 silly idealTree │   │ │   ├── isarray@1.0.0
75 silly idealTree │   │ │   ├── process-nextick-args@1.0.7
75 silly idealTree │   │ │   ├── string_decoder@0.10.31
75 silly idealTree │   │ │   └── util-deprecate@1.0.2
75 silly idealTree │   │ ├── console-control-strings@1.1.0
75 silly idealTree │   │ ├─┬ gauge@2.7.2
75 silly idealTree │   │ │ ├── aproba@1.0.4
75 silly idealTree │   │ │ ├── has-unicode@2.0.1
75 silly idealTree │   │ │ ├── object-assign@4.1.0
75 silly idealTree │   │ │ ├── signal-exit@3.0.2
75 silly idealTree │   │ │ ├─┬ string-width@1.0.2
75 silly idealTree │   │ │ │ ├── code-point-at@1.1.0
75 silly idealTree │   │ │ │ └─┬ is-fullwidth-code-point@1.0.0
75 silly idealTree │   │ │ │   └── number-is-nan@1.0.1
75 silly idealTree │   │ │ ├─┬ strip-ansi@3.0.1
75 silly idealTree │   │ │ │ └── ansi-regex@2.0.0
75 silly idealTree │   │ │ ├── supports-color@0.2.0
75 silly idealTree │   │ │ └── wide-align@1.1.0
75 silly idealTree │   │ └── set-blocking@2.0.0
75 silly idealTree │   ├─┬ rc@1.1.6
75 silly idealTree │   │ ├── deep-extend@0.4.1
75 silly idealTree │   │ ├── ini@1.3.4
75 silly idealTree │   │ ├── minimist@1.2.0
75 silly idealTree │   │ └── strip-json-comments@1.0.4
75 silly idealTree │   ├─┬ request@2.79.0
75 silly idealTree │   │ ├── aws-sign2@0.6.0
75 silly idealTree │   │ ├── aws4@1.5.0
75 silly idealTree │   │ ├── caseless@0.11.0
75 silly idealTree │   │ ├─┬ combined-stream@1.0.5
75 silly idealTree │   │ │ └── delayed-stream@1.0.0
75 silly idealTree │   │ ├── extend@3.0.0
75 silly idealTree │   │ ├── forever-agent@0.6.1
75 silly idealTree │   │ ├─┬ form-data@2.1.2
75 silly idealTree │   │ │ └── asynckit@0.4.0
75 silly idealTree │   │ ├─┬ har-validator@2.0.6
75 silly idealTree │   │ │ ├─┬ chalk@1.1.3
75 silly idealTree │   │ │ │ ├── ansi-styles@2.2.1
75 silly idealTree │   │ │ │ ├── escape-string-regexp@1.0.5
75 silly idealTree │   │ │ │ ├─┬ has-ansi@2.0.0
75 silly idealTree │   │ │ │ │ └── ansi-regex@2.0.0
75 silly idealTree │   │ │ │ ├─┬ strip-ansi@3.0.1
75 silly idealTree │   │ │ │ │ └── ansi-regex@2.0.0
75 silly idealTree │   │ │ │ └── supports-color@2.0.0
75 silly idealTree │   │ │ ├─┬ is-my-json-valid@2.15.0
75 silly idealTree │   │ │ │ ├── generate-function@2.0.0
75 silly idealTree │   │ │ │ ├─┬ generate-object-property@1.2.0
75 silly idealTree │   │ │ │ │ └── is-property@1.0.2
75 silly idealTree │   │ │ │ ├── jsonpointer@4.0.0
75 silly idealTree │   │ │ │ └── xtend@4.0.1
75 silly idealTree │   │ │ └─┬ pinkie-promise@2.0.1
75 silly idealTree │   │ │   └── pinkie@2.0.4
75 silly idealTree │   │ ├─┬ hawk@3.1.3
75 silly idealTree │   │ │ ├── boom@2.10.1
75 silly idealTree │   │ │ ├── cryptiles@2.0.5
75 silly idealTree │   │ │ ├── hoek@2.16.3
75 silly idealTree │   │ │ └── sntp@1.0.9
75 silly idealTree │   │ ├─┬ http-signature@1.1.1
75 silly idealTree │   │ │ ├── assert-plus@0.2.0
75 silly idealTree │   │ │ ├─┬ jsprim@1.3.1
75 silly idealTree │   │ │ │ ├── extsprintf@1.0.2
75 silly idealTree │   │ │ │ ├── json-schema@0.2.3
75 silly idealTree │   │ │ │ └── verror@1.3.6
75 silly idealTree │   │ │ └─┬ sshpk@1.10.1
75 silly idealTree │   │ │   ├── asn1@0.2.3
75 silly idealTree │   │ │   ├── assert-plus@1.0.0
75 silly idealTree │   │ │   ├── bcrypt-pbkdf@1.0.0
75 silly idealTree │   │ │   ├── dashdash@1.14.1
75 silly idealTree │   │ │   ├── ecc-jsbn@0.1.1
75 silly idealTree │   │ │   ├── getpass@0.1.6
75 silly idealTree │   │ │   ├── jodid25519@1.0.2
75 silly idealTree │   │ │   ├── jsbn@0.1.0
75 silly idealTree │   │ │   └── tweetnacl@0.14.4
75 silly idealTree │   │ ├── is-typedarray@1.0.0
75 silly idealTree │   │ ├── isstream@0.1.2
75 silly idealTree │   │ ├── json-stringify-safe@5.0.1
75 silly idealTree │   │ ├─┬ mime-types@2.1.13
75 silly idealTree │   │ │ └── mime-db@1.25.0
75 silly idealTree │   │ ├── oauth-sign@0.8.2
75 silly idealTree │   │ ├── qs@6.3.0
75 silly idealTree │   │ ├── stringstream@0.0.5
75 silly idealTree │   │ ├─┬ tough-cookie@2.3.2
75 silly idealTree │   │ │ └── punycode@1.4.1
75 silly idealTree │   │ ├── tunnel-agent@0.4.3
75 silly idealTree │   │ └── uuid@3.0.1
75 silly idealTree │   ├─┬ rimraf@2.5.4
75 silly idealTree │   │ └─┬ glob@7.1.1
75 silly idealTree │   │   ├── fs.realpath@1.0.0
75 silly idealTree │   │   ├─┬ inflight@1.0.6
75 silly idealTree │   │   │ └── wrappy@1.0.2
75 silly idealTree │   │   ├── inherits@2.0.3
75 silly idealTree │   │   ├─┬ minimatch@3.0.3
75 silly idealTree │   │   │ └─┬ brace-expansion@1.1.6
75 silly idealTree │   │   │   ├── balanced-match@0.4.2
75 silly idealTree │   │   │   └── concat-map@0.0.1
75 silly idealTree │   │   ├─┬ once@1.4.0
75 silly idealTree │   │   │ └── wrappy@1.0.2
75 silly idealTree │   │   └── path-is-absolute@1.0.1
75 silly idealTree │   ├── semver@5.3.0
75 silly idealTree │   ├─┬ tar-pack@3.3.0
75 silly idealTree │   │ ├─┬ debug@2.2.0
75 silly idealTree │   │ │ └── ms@0.7.1
75 silly idealTree │   │ ├─┬ fstream-ignore@1.0.5
75 silly idealTree │   │ │ ├── inherits@2.0.3
75 silly idealTree │   │ │ └─┬ minimatch@3.0.3
75 silly idealTree │   │ │   └─┬ brace-expansion@1.1.6
75 silly idealTree │   │ │     ├── balanced-match@0.4.2
75 silly idealTree │   │ │     └── concat-map@0.0.1
75 silly idealTree │   │ ├─┬ fstream@1.0.10
75 silly idealTree │   │ │ ├── graceful-fs@4.1.11
75 silly idealTree │   │ │ └── inherits@2.0.3
75 silly idealTree │   │ ├─┬ once@1.3.3
75 silly idealTree │   │ │ └── wrappy@1.0.2
75 silly idealTree │   │ ├─┬ readable-stream@2.1.5
75 silly idealTree │   │ │ ├── buffer-shims@1.0.0
75 silly idealTree │   │ │ ├── core-util-is@1.0.2
75 silly idealTree │   │ │ ├── inherits@2.0.3
75 silly idealTree │   │ │ ├── isarray@1.0.0
75 silly idealTree │   │ │ ├── process-nextick-args@1.0.7
75 silly idealTree │   │ │ ├── string_decoder@0.10.31
75 silly idealTree │   │ │ └── util-deprecate@1.0.2
75 silly idealTree │   │ └── uid-number@0.0.6
75 silly idealTree │   └─┬ tar@2.2.1
75 silly idealTree │     ├── block-stream@0.0.9
75 silly idealTree │     ├─┬ fstream@1.0.10
75 silly idealTree │     │ └── graceful-fs@4.1.11
75 silly idealTree │     └── inherits@2.0.3
75 silly idealTree ├── simple-plist@0.0.4
75 silly idealTree ├── stream-buffers@0.2.6
75 silly idealTree ├── util-deprecate@1.0.0
75 silly idealTree ├── xmlbuilder@2.2.1
75 silly idealTree └── xmldom@0.1.27
76 silly generateActionsToTake Starting
77 silly install generateActionsToTake
78 silly generateActionsToTake Finishing
79 silly diffTrees action count 1
80 silly diffTrees add pigpio@0.5.1
81 silly decomposeActions action count 8
82 silly decomposeActions fetch pigpio@0.5.1
83 silly decomposeActions extract pigpio@0.5.1
84 silly decomposeActions test pigpio@0.5.1
85 silly decomposeActions preinstall pigpio@0.5.1
86 silly decomposeActions build pigpio@0.5.1
87 silly decomposeActions install pigpio@0.5.1
88 silly decomposeActions postinstall pigpio@0.5.1
89 silly decomposeActions finalize pigpio@0.5.1
90 silly runTopLevelLifecycles Starting
91 silly executeActions Starting
92 silly install executeActions
93 silly doSerial global-install 0
94 silly doParallel fetch 1
95 verbose correctMkdir /home/warits/.npm/_locks correctMkdir not in flight; initializing
96 verbose lock using /home/warits/.npm/_locks/staging-a5f587d337cf3b21.lock for /home/warits/codes/node/homehub/node_modules/.staging
97 silly doParallel extract 1
98 silly extract pigpio@0.5.1
99 verbose unbuild node_modules/.staging/pigpio-6e57a9bf
100 silly gentlyRm /home/warits/codes/node/homehub/node_modules/.staging/pigpio-6e57a9bf is being purged from base /home/warits/codes/node/homehub
101 verbose gentlyRm don't care about contents; nuking /home/warits/codes/node/homehub/node_modules/.staging/pigpio-6e57a9bf
102 verbose tar unpack /home/warits/.npm/pigpio/0.5.1/package.tgz
103 verbose tar unpacking to /home/warits/codes/node/homehub/node_modules/.staging/pigpio-6e57a9bf
104 silly gentlyRm /home/warits/codes/node/homehub/node_modules/.staging/pigpio-6e57a9bf is being purged
105 verbose gentlyRm don't care about contents; nuking /home/warits/codes/node/homehub/node_modules/.staging/pigpio-6e57a9bf
106 silly gunzTarPerm modes [ '775', '664' ]
107 silly gunzTarPerm extractEntry package.json
108 silly gunzTarPerm extractEntry .npmignore
109 silly gunzTarPerm extractEntry README.md
110 silly gunzTarPerm extractEntry LICENSE
111 silly gunzTarPerm extractEntry pigpio.js
112 silly gunzTarPerm extractEntry History.md
113 silly gunzTarPerm extractEntry example/alert.js
114 silly gunzTarPerm extractEntry example/blinky.js
115 silly gunzTarPerm extractEntry example/distance-hc-sr04.js
116 silly gunzTarPerm extractEntry example/gpio-info.js
117 silly gunzTarPerm extractEntry example/light-switch.js
118 silly gunzTarPerm extractEntry example/pulse-led.js
119 silly gunzTarPerm extractEntry example/servo.js
120 silly gunzTarPerm extractEntry example/distance-hc-sr04.png
121 silly gunzTarPerm extractEntry example/pigpio.png
122 silly gunzTarPerm extractEntry test/alert-pwm-measurement.js
123 silly gunzTarPerm extractEntry test/gpio-mode.js
124 silly gunzTarPerm extractEntry test/gpio-numbers.js
125 silly gunzTarPerm extractEntry test/hardware-revision.js
126 silly gunzTarPerm extractEntry test/do-nothing.js
127 silly gunzTarPerm extractEntry test/alert-trigger-pulse-measurement.js
128 silly gunzTarPerm extractEntry test/isr-performance.js
129 silly gunzTarPerm extractEntry test/isr-timeouts-2.js
130 silly gunzTarPerm extractEntry test/isr-timeouts.js
131 silly gunzTarPerm extractEntry test/light-switch.js
132 silly gunzTarPerm extractEntry test/digital-write-performance.js
133 silly gunzTarPerm extractEntry test/notifier-leak-check.js
134 silly gunzTarPerm extractEntry test/digital-read-performance.js
135 silly gunzTarPerm extractEntry test/notifier-pwm.js
136 silly gunzTarPerm extractEntry test/servo-control.js
137 silly gunzTarPerm extractEntry test/notifier-stress.js
138 silly gunzTarPerm extractEntry test/blinky.js
139 silly gunzTarPerm extractEntry test/notifier.js
140 silly gunzTarPerm extractEntry test/blinky-pwm.js
141 silly gunzTarPerm extractEntry test/pull-up-down.js
142 silly gunzTarPerm extractEntry test/banked-leds.js
143 silly gunzTarPerm extractEntry test/pulse-led.js
144 silly gunzTarPerm extractEntry test/alert.js
145 silly gunzTarPerm extractEntry test/pwm.js
146 silly gunzTarPerm extractEntry test/isr-enable-disable.js
147 silly gunzTarPerm extractEntry test/trigger-led.js
148 silly gunzTarPerm extractEntry test/isr-multiple-sources.js
149 silly gunzTarPerm extractEntry test/run-tests
150 silly gunzTarPerm extractEntry test/c-interface/blinky.js
151 silly gunzTarPerm extractEntry test/c-interface/do-nothing.js
152 silly gunzTarPerm extractEntry test/c-interface/gpio-write-performance.js
153 silly gunzTarPerm extractEntry test/c-interface/irq-dynamic.js
154 silly gunzTarPerm extractEntry test/c-interface/irq-handle-2-inputs.js
155 silly gunzTarPerm extractEntry test/c-interface/irq-performance.js
156 silly gunzTarPerm extractEntry test/c-interface/irq-watch-unwatch.js
157 silly gunzTarPerm extractEntry test/c-interface/light-switch.js
158 silly gunzTarPerm extractEntry test/c-interface/pwm-pulse-10-leds.js
159 silly gunzTarPerm extractEntry test/c-interface/run-tests
160 silly gunzTarPerm extractEntry binding.gyp
161 silly gunzTarPerm extractEntry src/pigpio.cc
162 silly gunzTarPerm extractEntry doc/configuration.md
163 silly gunzTarPerm extractEntry doc/gpio.md
164 silly gunzTarPerm extractEntry doc/gpiobank.md
165 silly gunzTarPerm extractEntry doc/notifier.md
166 silly gentlyRm /home/warits/codes/node/homehub/node_modules/.staging/pigpio-6e57a9bf/node_modules is being purged
167 verbose gentlyRm don't care about contents; nuking /home/warits/codes/node/homehub/node_modules/.staging/pigpio-6e57a9bf/node_modules
168 silly doParallel preinstall 1
169 silly preinstall pigpio@0.5.1 /home/warits/codes/node/homehub/node_modules/.staging/pigpio-6e57a9bf
170 info lifecycle pigpio@0.5.1~preinstall: pigpio@0.5.1
171 silly lifecycle pigpio@0.5.1~preinstall: no script for preinstall, continuing
172 silly doReverseSerial remove 0
173 silly doSerial move 0
174 silly doSerial finalize 1
175 silly finalize /home/warits/codes/node/homehub/node_modules/pigpio
176 silly doSerial build 1
177 silly build pigpio@0.5.1
178 info linkStuff pigpio@0.5.1
179 silly linkStuff pigpio@0.5.1 has /home/warits/codes/node/homehub/node_modules as its parent node_modules
180 verbose linkBins pigpio@0.5.1
181 verbose linkMans pigpio@0.5.1
182 silly doSerial global-link 0
183 silly doParallel update-linked 0
184 silly doSerial install 1
185 silly install pigpio@0.5.1 /home/warits/codes/node/homehub/node_modules/.staging/pigpio-6e57a9bf
186 info lifecycle pigpio@0.5.1~install: pigpio@0.5.1
187 verbose lifecycle pigpio@0.5.1~install: unsafe-perm in lifecycle true
188 verbose lifecycle pigpio@0.5.1~install: PATH: /usr/lib/node_modules/npm/bin/node-gyp-bin:/home/warits/codes/node/homehub/node_modules/pigpio/node_modules/.bin:/home/warits/codes/node/homehub/node_modules/.bin:/usr/lib64/qt-3.3/bin:/usr/local/bin:/usr/bin:/usr/local/sbin:/usr/sbin:/usr/local/go/bin:/home/warits/.local/bin:/home/warits/bin
189 verbose lifecycle pigpio@0.5.1~install: CWD: /home/warits/codes/node/homehub/node_modules/pigpio
190 silly lifecycle pigpio@0.5.1~install: Args: [ '-c', 'node-gyp rebuild' ]
191 silly lifecycle pigpio@0.5.1~install: Returned: code: 1  signal: null
192 info lifecycle pigpio@0.5.1~install: Failed to exec install script
193 verbose unlock done using /home/warits/.npm/_locks/staging-a5f587d337cf3b21.lock for /home/warits/codes/node/homehub/node_modules/.staging
194 silly rollbackFailedOptional Starting
195 silly rollbackFailedOptional Finishing
196 silly runTopLevelLifecycles Finishing
197 silly install printInstalled
198 verbose stack Error: pigpio@0.5.1 install: `node-gyp rebuild`
198 verbose stack Exit status 1
198 verbose stack     at EventEmitter.<anonymous> (/usr/lib/node_modules/npm/lib/utils/lifecycle.js:255:16)
198 verbose stack     at emitTwo (events.js:106:13)
198 verbose stack     at EventEmitter.emit (events.js:191:7)
198 verbose stack     at ChildProcess.<anonymous> (/usr/lib/node_modules/npm/lib/utils/spawn.js:40:14)
198 verbose stack     at emitTwo (events.js:106:13)
198 verbose stack     at ChildProcess.emit (events.js:191:7)
198 verbose stack     at maybeClose (internal/child_process.js:886:16)
198 verbose stack     at Process.ChildProcess._handle.onexit (internal/child_process.js:226:5)
199 verbose pkgid pigpio@0.5.1
200 verbose cwd /home/warits/codes/node/homehub
201 error Linux 3.10.0-327.36.3.el7.x86_64
202 error argv "/usr/bin/node" "/usr/bin/npm" "install" "pigpio" "--save"
203 error node v6.10.1
204 error npm  v3.10.10
205 error code ELIFECYCLE
206 error pigpio@0.5.1 install: `node-gyp rebuild`
206 error Exit status 1
207 error Failed at the pigpio@0.5.1 install script 'node-gyp rebuild'.
207 error Make sure you have the latest version of node.js and npm installed.
207 error If you do, this is most likely a problem with the pigpio package,
207 error not with npm itself.
207 error Tell the author that this fails on your system:
207 error     node-gyp rebuild
207 error You can get information on how to open an issue for this project with:
207 error     npm bugs pigpio
207 error Or if that isn't available, you can get their info via:
207 error     npm owner ls pigpio
207 error There is likely additional logging output above.
208 verbose exit [ 1, true ]
